# JRE version: Java(TM) SE Runtime Environment (23.0.1+11) (build 23.0.1+11-39)
# Java VM: Java HotSpot(TM) 64-Bit Server VM (23.0.1+11-39, mixed mode, sharing, tiered, compressed oops, compressed class ptrs, g1 gc, windows-amd64)
GC Precious Log:
 CardTable entry size: 512
 Card Set container configuration: InlinePtr #cards 5 size 8 Array Of Cards #cards 10 size 36 Howl #buckets 4 coarsen threshold 1843 Howl Bitmap #cards 512 size 80 coarsen threshold 460 Card regions per heap region 1 cards per card region 2048
 CPUs: 12 total, 12 available
 Memory: 7501M
 Large Page Support: Disabled
 NUMA Support: Disabled
 Compressed Oops: Enabled (32-bit)
 Heap Region Size: 1M
 Heap Min Capacity: 8M
 Heap Initial Capacity: 118M
 Heap Max Capacity: 1876M
 Pre-touch: Disabled
 Parallel Workers: 10
 Concurrent Workers: 3
 Concurrent Refinement Workers: 10
 Periodic GC: Disabled
Heap:
 garbage-first heap   total reserved 1921024K, committed 55296K, used 43120K [0x000000008ac00000, 0x0000000100000000)
  region size 1024K, 4 young (4096K), 2 survivors (2048K)
 Metaspace       used 28696K, committed 29248K, reserved 1114112K
  class space    used 3731K, committed 3968K, reserved 1048576K
GC Heap History (20 events):
Event: 7.159 GC heap before
{Heap before GC invocations=5 (full 0):
 garbage-first heap   total reserved 1921024K, committed 37888K, used 27010K [0x000000008ac00000, 0x0000000100000000)
  region size 1024K, 18 young (18432K), 3 survivors (3072K)
 Metaspace       used 27558K, committed 28096K, reserved 1114112K
  class space    used 3570K, committed 3776K, reserved 1048576K
}
Event: 7.164 GC heap after
{Heap after GC invocations=6 (full 0):
 garbage-first heap   total reserved 1921024K, committed 37888K, used 14976K [0x000000008ac00000, 0x0000000100000000)
  region size 1024K, 3 young (3072K), 3 survivors (3072K)
 Metaspace       used 27558K, committed 28096K, reserved 1114112K
  class space    used 3570K, committed 3776K, reserved 1048576K
}
Event: 19.345 GC heap before
{Heap before GC invocations=6 (full 0):
 garbage-first heap   total reserved 1921024K, committed 37888K, used 29312K [0x000000008ac00000, 0x0000000100000000)
  region size 1024K, 17 young (17408K), 3 survivors (3072K)
 Metaspace       used 28692K, committed 29248K, reserved 1114112K
  class space    used 3731K, committed 3968K, reserved 1048576K
}
Event: 19.350 GC heap after
{Heap after GC invocations=7 (full 0):
 garbage-first heap   total reserved 1921024K, committed 37888K, used 17960K [0x000000008ac00000, 0x0000000100000000)
  region size 1024K, 3 young (3072K), 3 survivors (3072K)
 Metaspace       used 28692K, committed 29248K, reserved 1114112K
  class space    used 3731K, committed 3968K, reserved 1048576K
}
Event: 36.922 GC heap before
{Heap before GC invocations=7 (full 0):
 garbage-first heap   total reserved 1921024K, committed 37888K, used 30248K [0x000000008ac00000, 0x0000000100000000)
  region size 1024K, 15 young (15360K), 3 survivors (3072K)
 Metaspace       used 28692K, committed 29248K, reserved 1114112K
  class space    used 3731K, committed 3968K, reserved 1048576K
}
Event: 36.928 GC heap after
{Heap after GC invocations=8 (full 0):
 garbage-first heap   total reserved 1921024K, committed 37888K, used 21719K [0x000000008ac00000, 0x0000000100000000)
  region size 1024K, 2 young (2048K), 2 survivors (2048K)
 Metaspace       used 28692K, committed 29248K, reserved 1114112K
  class space    used 3731K, committed 3968K, reserved 1048576K
}
Event: 56.456 GC heap before
{Heap before GC invocations=8 (full 0):
 garbage-first heap   total reserved 1921024K, committed 37888K, used 30935K [0x000000008ac00000, 0x0000000100000000)
  region size 1024K, 11 young (11264K), 2 survivors (2048K)
 Metaspace       used 28692K, committed 29248K, reserved 1114112K
  class space    used 3731K, committed 3968K, reserved 1048576K
}
Event: 56.477 GC heap after
{Heap after GC invocations=9 (full 0):
 garbage-first heap   total reserved 1921024K, committed 37888K, used 24810K [0x000000008ac00000, 0x0000000100000000)
  region size 1024K, 2 young (2048K), 2 survivors (2048K)
 Metaspace       used 28692K, committed 29248K, reserved 1114112K
  class space    used 3731K, committed 3968K, reserved 1048576K
}
Event: 68.922 GC heap before
{Heap before GC invocations=10 (full 0):
 garbage-first heap   total reserved 1921024K, committed 43008K, used 31978K [0x000000008ac00000, 0x0000000100000000)
  region size 1024K, 9 young (9216K), 2 survivors (2048K)
 Metaspace       used 28692K, committed 29248K, reserved 1114112K
  class space    used 3731K, committed 3968K, reserved 1048576K
}
Event: 68.936 GC heap after
{Heap after GC invocations=11 (full 0):
 garbage-first heap   total reserved 1921024K, committed 43008K, used 27731K [0x000000008ac00000, 0x0000000100000000)
  region size 1024K, 2 young (2048K), 2 survivors (2048K)
 Metaspace       used 28692K, committed 29248K, reserved 1114112K
  class space    used 3731K, committed 3968K, reserved 1048576K
}
Event: 84.579 GC heap before
{Heap before GC invocations=11 (full 0):
 garbage-first heap   total reserved 1921024K, committed 43008K, used 35923K [0x000000008ac00000, 0x0000000100000000)
  region size 1024K, 10 young (10240K), 2 survivors (2048K)
 Metaspace       used 28692K, committed 29248K, reserved 1114112K
  class space    used 3731K, committed 3968K, reserved 1048576K
}
Event: 84.586 GC heap after
{Heap after GC invocations=12 (full 0):
 garbage-first heap   total reserved 1921024K, committed 43008K, used 30278K [0x000000008ac00000, 0x0000000100000000)
  region size 1024K, 2 young (2048K), 2 survivors (2048K)
 Metaspace       used 28692K, committed 29248K, reserved 1114112K
  class space    used 3731K, committed 3968K, reserved 1048576K
}
Event: 110.951 GC heap before
{Heap before GC invocations=12 (full 0):
 garbage-first heap   total reserved 1921024K, committed 43008K, used 36422K [0x000000008ac00000, 0x0000000100000000)
  region size 1024K, 8 young (8192K), 2 survivors (2048K)
 Metaspace       used 28693K, committed 29248K, reserved 1114112K
  class space    used 3731K, committed 3968K, reserved 1048576K
}
Event: 112.535 GC heap after
{Heap after GC invocations=13 (full 0):
 garbage-first heap   total reserved 1921024K, committed 43008K, used 32516K [0x000000008ac00000, 0x0000000100000000)
  region size 1024K, 1 young (1024K), 1 survivors (1024K)
 Metaspace       used 28693K, committed 29248K, reserved 1114112K
  class space    used 3731K, committed 3968K, reserved 1048576K
}
Event: 128.714 GC heap before
{Heap before GC invocations=14 (full 0):
 garbage-first heap   total reserved 1921024K, committed 55296K, used 37636K [0x000000008ac00000, 0x0000000100000000)
  region size 1024K, 6 young (6144K), 1 survivors (1024K)
 Metaspace       used 28695K, committed 29248K, reserved 1114112K
  class space    used 3731K, committed 3968K, reserved 1048576K
}
Event: 128.717 GC heap after
{Heap after GC invocations=15 (full 0):
 garbage-first heap   total reserved 1921024K, committed 55296K, used 34268K [0x000000008ac00000, 0x0000000100000000)
  region size 1024K, 1 young (1024K), 1 survivors (1024K)
 Metaspace       used 28695K, committed 29248K, reserved 1114112K
  class space    used 3731K, committed 3968K, reserved 1048576K
}
Event: 158.508 GC heap before
{Heap before GC invocations=15 (full 0):
 garbage-first heap   total reserved 1921024K, committed 55296K, used 46556K [0x000000008ac00000, 0x0000000100000000)
  region size 1024K, 12 young (12288K), 1 survivors (1024K)
 Metaspace       used 28695K, committed 29248K, reserved 1114112K
  class space    used 3731K, committed 3968K, reserved 1048576K
}
Event: 158.521 GC heap after
{Heap after GC invocations=16 (full 0):
 garbage-first heap   total reserved 1921024K, committed 55296K, used 38825K [0x000000008ac00000, 0x0000000100000000)
  region size 1024K, 2 young (2048K), 2 survivors (2048K)
 Metaspace       used 28695K, committed 29248K, reserved 1114112K
  class space    used 3731K, committed 3968K, reserved 1048576K
}
Event: 185.767 GC heap before
{Heap before GC invocations=16 (full 0):
 garbage-first heap   total reserved 1921024K, committed 55296K, used 48041K [0x000000008ac00000, 0x0000000100000000)
  region size 1024K, 11 young (11264K), 2 survivors (2048K)
 Metaspace       used 28696K, committed 29248K, reserved 1114112K
  class space    used 3731K, committed 3968K, reserved 1048576K
}
Event: 185.829 GC heap after
{Heap after GC invocations=17 (full 0):
 garbage-first heap   total reserved 1921024K, committed 55296K, used 42096K [0x000000008ac00000, 0x0000000100000000)
  region size 1024K, 2 young (2048K), 2 survivors (2048K)
 Metaspace       used 28696K, committed 29248K, reserved 1114112K
  class space    used 3731K, committed 3968K, reserved 1048576K
}

